2018-03-29 14:57:44,439 - Driver - INFO - 打开火狐浏览器
2018-03-29 14:57:44,443 - Driver - INFO - 隐式等待元素时间为：15
2018-03-29 14:57:44,444 - Page - INFO - 点击t_price下的price_c按钮
2018-03-29 14:57:46,306 - Page - INFO - 点击t_price下的price_50按钮
2018-03-29 14:57:47,767 - price_test - INFO - 选择price_50_ic成功
2018-03-29 14:57:47,767 - price_test - INFO - 选择price_50_ic成功
2018-03-29 14:57:47,767 - Page - INFO - 点击t_price下的price_100按钮
2018-03-29 14:57:49,219 - price_test - INFO - 选择price_100_ic成功
2018-03-29 14:57:49,219 - price_test - INFO - 选择price_100_ic成功
2018-03-29 14:57:49,219 - Page - INFO - 点击t_price下的price_300按钮
2018-03-29 14:57:50,705 - price_test - INFO - 选择price_300_ic成功
2018-03-29 14:57:50,705 - price_test - INFO - 选择price_300_ic成功
2018-03-29 14:57:50,705 - Page - INFO - 点击t_price下的price_500按钮
2018-03-29 14:57:52,188 - price_test - INFO - 选择price_500_ic成功
2018-03-29 14:57:52,188 - price_test - INFO - 选择price_500_ic成功
2018-03-29 14:57:52,188 - Page - INFO - 点击t_price下的price_800按钮
2018-03-29 14:57:53,639 - price_test - INFO - 选择price_800_ic成功
2018-03-29 14:57:53,639 - price_test - INFO - 选择price_800_ic成功
2018-03-29 14:57:53,639 - Page - INFO - 点击t_price下的price_1000按钮
2018-03-29 14:57:55,102 - price_test - INFO - 选择price_1000_ic成功
2018-03-29 14:57:55,102 - price_test - INFO - 选择price_1000_ic成功
2018-03-29 14:57:55,103 - Page - INFO - 点击t_price下的price_1500按钮
2018-03-29 14:57:56,572 - price_test - INFO - 选择price_1500_ic成功
2018-03-29 14:57:56,572 - price_test - INFO - 选择price_1500_ic成功
2018-03-29 14:57:56,573 - Page - INFO - 点击t_price下的price_2000按钮
2018-03-29 14:57:58,054 - price_test - INFO - 选择price_2000_ic成功
2018-03-29 14:57:58,054 - price_test - INFO - 选择price_2000_ic成功
2018-03-29 14:57:58,054 - Page - INFO - 点击t_price下的price_3000按钮
2018-03-29 14:57:59,527 - price_test - INFO - 选择price_3000_ic成功
2018-03-29 14:57:59,527 - price_test - INFO - 选择price_3000_ic成功
2018-03-29 14:57:59,528 - Page - INFO - 点击t_price下的use按钮
2018-03-29 14:58:01,133 - price_test - INFO - 测试完成，现在退出
2018-03-29 14:58:01,133 - price_test - INFO - 测试完成，现在退出
