2018-03-29 12:10:28,006 - Driver - INFO - 打开火狐浏览器
2018-03-29 12:10:28,009 - Driver - INFO - 隐式等待元素时间为：15
2018-03-29 12:10:28,010 - Page - INFO - 点击t_price下的price_c按钮
2018-03-29 12:10:29,895 - Page - INFO - 点击t_price下的price_50按钮
2018-03-29 12:10:31,371 - price_test - INFO - 选择50成功
2018-03-29 12:10:31,371 - price_test - INFO - 选择50成功
2018-03-29 12:10:31,371 - Page - INFO - 点击t_price下的price_100按钮
2018-03-29 12:10:32,831 - price_test - INFO - 选择50成功
2018-03-29 12:10:32,831 - price_test - INFO - 选择50成功
2018-03-29 12:10:32,831 - Page - INFO - 点击t_price下的price_300按钮
2018-03-29 12:10:34,369 - price_test - INFO - 选择50成功
2018-03-29 12:10:34,369 - price_test - INFO - 选择50成功
2018-03-29 12:10:34,369 - Page - INFO - 点击t_price下的price_500按钮
2018-03-29 12:10:35,939 - price_test - INFO - 选择50成功
2018-03-29 12:10:35,939 - price_test - INFO - 选择50成功
2018-03-29 12:10:35,939 - Page - INFO - 点击t_price下的price_800按钮
2018-03-29 12:10:37,397 - price_test - INFO - 选择50成功
2018-03-29 12:10:37,397 - price_test - INFO - 选择50成功
2018-03-29 12:10:37,397 - Page - INFO - 点击t_price下的price_1000按钮
2018-03-29 12:10:38,865 - price_test - INFO - 选择50成功
2018-03-29 12:10:38,865 - price_test - INFO - 选择50成功
2018-03-29 12:10:38,866 - Page - INFO - 点击t_price下的price_1500按钮
2018-03-29 12:10:40,329 - price_test - INFO - 选择50成功
2018-03-29 12:10:40,329 - price_test - INFO - 选择50成功
2018-03-29 12:10:40,330 - Page - INFO - 点击t_price下的price_2000按钮
2018-03-29 12:10:41,795 - price_test - INFO - 选择50成功
2018-03-29 12:10:41,795 - price_test - INFO - 选择50成功
2018-03-29 12:10:41,795 - Page - INFO - 点击t_price下的price_3000按钮
2018-03-29 12:10:43,262 - price_test - INFO - 选择50成功
2018-03-29 12:10:43,262 - price_test - INFO - 选择50成功
2018-03-29 12:10:43,262 - price_test - INFO - 测试完成，现在退出
2018-03-29 12:10:43,262 - price_test - INFO - 测试完成，现在退出
2018-03-29 12:10:55,413 - Driver - INFO - 打开火狐浏览器
2018-03-29 12:10:55,418 - Driver - INFO - 隐式等待元素时间为：15
2018-03-29 12:10:55,419 - Page - INFO - 点击t_price下的price_c按钮
2018-03-29 12:10:57,589 - Page - INFO - 点击t_price下的price_50按钮
2018-03-29 12:10:59,075 - price_test - INFO - 选择50成功
2018-03-29 12:10:59,075 - price_test - INFO - 选择50成功
2018-03-29 12:10:59,075 - Page - INFO - 点击t_price下的price_100按钮
2018-03-29 12:11:00,540 - price_test - INFO - 选择50成功
2018-03-29 12:11:00,540 - price_test - INFO - 选择50成功
2018-03-29 12:11:00,540 - Page - INFO - 点击t_price下的price_300按钮
2018-03-29 12:11:02,008 - price_test - INFO - 选择50成功
2018-03-29 12:11:02,008 - price_test - INFO - 选择50成功
2018-03-29 12:11:02,009 - Page - INFO - 点击t_price下的price_500按钮
2018-03-29 12:11:03,485 - price_test - INFO - 选择50成功
2018-03-29 12:11:03,485 - price_test - INFO - 选择50成功
2018-03-29 12:11:03,485 - Page - INFO - 点击t_price下的price_800按钮
2018-03-29 12:11:04,960 - price_test - INFO - 选择50成功
2018-03-29 12:11:04,960 - price_test - INFO - 选择50成功
2018-03-29 12:11:04,961 - Page - INFO - 点击t_price下的price_1000按钮
2018-03-29 12:11:06,420 - price_test - INFO - 选择50成功
2018-03-29 12:11:06,420 - price_test - INFO - 选择50成功
2018-03-29 12:11:06,420 - Page - INFO - 点击t_price下的price_1500按钮
2018-03-29 12:11:07,899 - price_test - INFO - 选择50成功
2018-03-29 12:11:07,899 - price_test - INFO - 选择50成功
2018-03-29 12:11:07,899 - Page - INFO - 点击t_price下的price_2000按钮
2018-03-29 12:11:09,379 - price_test - INFO - 选择50成功
2018-03-29 12:11:09,379 - price_test - INFO - 选择50成功
2018-03-29 12:11:09,379 - Page - INFO - 点击t_price下的price_3000按钮
2018-03-29 12:11:10,842 - price_test - INFO - 选择50成功
2018-03-29 12:11:10,842 - price_test - INFO - 选择50成功
2018-03-29 12:11:10,843 - price_test - INFO - 测试完成，现在退出
2018-03-29 12:11:10,843 - price_test - INFO - 测试完成，现在退出
