2018-03-30 14:11:26,825 - Driver - INFO - 打开火狐浏览器
2018-03-30 14:11:26,828 - Driver - INFO - 隐式等待元素时间为：15
2018-03-30 14:11:26,829 - Page - INFO - 点击t_price下的price_c按钮
2018-03-30 14:11:28,594 - Page - INFO - 点击t_price下的price_50按钮
2018-03-30 14:11:30,070 - price_test - INFO - 选择price_50_ic成功
2018-03-30 14:11:30,070 - price_test - INFO - 选择price_50_ic成功
2018-03-30 14:11:30,070 - Page - INFO - 点击t_price下的price_100按钮
2018-03-30 14:11:31,533 - price_test - INFO - 选择price_100_ic成功
2018-03-30 14:11:31,533 - price_test - INFO - 选择price_100_ic成功
2018-03-30 14:11:31,537 - Page - INFO - 点击t_price下的price_300按钮
2018-03-30 14:11:33,024 - price_test - INFO - 选择price_300_ic成功
2018-03-30 14:11:33,024 - price_test - INFO - 选择price_300_ic成功
2018-03-30 14:11:33,025 - Page - INFO - 点击t_price下的price_500按钮
2018-03-30 14:11:34,498 - price_test - INFO - 选择price_500_ic成功
2018-03-30 14:11:34,498 - price_test - INFO - 选择price_500_ic成功
2018-03-30 14:11:34,499 - Page - INFO - 点击t_price下的price_800按钮
2018-03-30 14:11:35,979 - price_test - INFO - 选择price_800_ic成功
2018-03-30 14:11:35,979 - price_test - INFO - 选择price_800_ic成功
2018-03-30 14:11:35,980 - Page - INFO - 点击t_price下的price_1000按钮
2018-03-30 14:11:37,437 - price_test - INFO - 选择price_1000_ic成功
2018-03-30 14:11:37,437 - price_test - INFO - 选择price_1000_ic成功
2018-03-30 14:11:37,438 - Page - INFO - 点击t_price下的price_1500按钮
2018-03-30 14:11:38,898 - price_test - INFO - 选择price_1500_ic成功
2018-03-30 14:11:38,898 - price_test - INFO - 选择price_1500_ic成功
2018-03-30 14:11:38,899 - Page - INFO - 点击t_price下的price_2000按钮
2018-03-30 14:11:40,391 - price_test - INFO - 选择price_2000_ic成功
2018-03-30 14:11:40,391 - price_test - INFO - 选择price_2000_ic成功
2018-03-30 14:11:40,391 - Page - INFO - 点击t_price下的price_3000按钮
2018-03-30 14:11:41,862 - price_test - INFO - 选择price_3000_ic成功
2018-03-30 14:11:41,862 - price_test - INFO - 选择price_3000_ic成功
2018-03-30 14:11:41,862 - Page - INFO - 点击t_price下的use按钮
2018-03-30 14:11:43,356 - price_test - INFO - 测试完成，现在退出
2018-03-30 14:11:43,356 - price_test - INFO - 测试完成，现在退出
