2018-03-29 12:15:34,506 - Driver - INFO - 打开火狐浏览器
2018-03-29 12:15:34,510 - Driver - INFO - 隐式等待元素时间为：15
2018-03-29 12:15:34,510 - Page - INFO - 点击t_price下的price_c按钮
2018-03-29 12:15:36,741 - Page - INFO - 点击t_price下的price_50按钮
2018-03-29 12:15:38,209 - price_test - INFO - 选择price_50_ic成功
2018-03-29 12:15:38,209 - price_test - INFO - 选择price_50_ic成功
2018-03-29 12:15:38,209 - Page - INFO - 点击t_price下的price_100按钮
2018-03-29 12:15:39,683 - price_test - INFO - 选择price_100_ic成功
2018-03-29 12:15:39,683 - price_test - INFO - 选择price_100_ic成功
2018-03-29 12:15:39,684 - Page - INFO - 点击t_price下的price_300按钮
2018-03-29 12:15:41,150 - price_test - INFO - 选择price_300_ic成功
2018-03-29 12:15:41,150 - price_test - INFO - 选择price_300_ic成功
2018-03-29 12:15:41,151 - Page - INFO - 点击t_price下的price_500按钮
2018-03-29 12:15:42,629 - price_test - INFO - 选择price_500_ic成功
2018-03-29 12:15:42,629 - price_test - INFO - 选择price_500_ic成功
2018-03-29 12:15:42,630 - Page - INFO - 点击t_price下的price_800按钮
2018-03-29 12:15:44,105 - price_test - INFO - 选择price_800_ic成功
2018-03-29 12:15:44,105 - price_test - INFO - 选择price_800_ic成功
2018-03-29 12:15:44,106 - Page - INFO - 点击t_price下的price_1000按钮
2018-03-29 12:15:45,571 - price_test - INFO - 选择price_1000_ic成功
2018-03-29 12:15:45,571 - price_test - INFO - 选择price_1000_ic成功
2018-03-29 12:15:45,571 - Page - INFO - 点击t_price下的price_1500按钮
2018-03-29 12:15:47,036 - price_test - INFO - 选择price_1500_ic成功
2018-03-29 12:15:47,036 - price_test - INFO - 选择price_1500_ic成功
2018-03-29 12:15:47,037 - Page - INFO - 点击t_price下的price_2000按钮
2018-03-29 12:15:48,556 - price_test - INFO - 选择price_2000_ic成功
2018-03-29 12:15:48,556 - price_test - INFO - 选择price_2000_ic成功
2018-03-29 12:15:48,556 - Page - INFO - 点击t_price下的price_3000按钮
2018-03-29 12:15:50,033 - price_test - INFO - 选择price_3000_ic成功
2018-03-29 12:15:50,033 - price_test - INFO - 选择price_3000_ic成功
2018-03-29 12:15:50,034 - price_test - INFO - 测试完成，现在退出
2018-03-29 12:15:50,034 - price_test - INFO - 测试完成，现在退出
