2018-03-29 12:08:02,499 - Driver - INFO - 打开火狐浏览器
2018-03-29 12:08:02,549 - Driver - INFO - 隐式等待元素时间为：15
2018-03-29 12:08:02,550 - Page - INFO - 点击t_price下的price_c按钮
2018-03-29 12:08:03,382 - Driver - INFO - 打开火狐浏览器
2018-03-29 12:08:03,394 - Driver - INFO - 隐式等待元素时间为：15
2018-03-29 12:08:03,396 - Page - INFO - 点击t_price下的price_c按钮
2018-03-29 12:08:05,673 - Page - INFO - 点击t_price下的price_50按钮
2018-03-29 12:08:05,986 - Page - INFO - 点击t_price下的price_50按钮
2018-03-29 12:08:07,150 - price_test - INFO - 选择50成功
2018-03-29 12:08:07,150 - price_test - INFO - 选择50成功
2018-03-29 12:08:07,150 - Page - INFO - 点击t_price下的price_100按钮
2018-03-29 12:08:07,459 - price_test - INFO - 选择50成功
2018-03-29 12:08:07,459 - price_test - INFO - 选择50成功
2018-03-29 12:08:07,459 - Page - INFO - 点击t_price下的price_100按钮
2018-03-29 12:08:08,607 - price_test - INFO - 选择50成功
2018-03-29 12:08:08,607 - price_test - INFO - 选择50成功
2018-03-29 12:08:08,609 - Page - INFO - 点击t_price下的price_300按钮
2018-03-29 12:08:08,936 - price_test - INFO - 选择50成功
2018-03-29 12:08:08,936 - price_test - INFO - 选择50成功
2018-03-29 12:08:08,936 - Page - INFO - 点击t_price下的price_300按钮
2018-03-29 12:08:10,083 - price_test - INFO - 选择50成功
2018-03-29 12:08:10,083 - price_test - INFO - 选择50成功
2018-03-29 12:08:10,083 - Page - INFO - 点击t_price下的price_500按钮
2018-03-29 12:08:10,416 - price_test - INFO - 选择50成功
2018-03-29 12:08:10,416 - price_test - INFO - 选择50成功
2018-03-29 12:08:10,417 - Page - INFO - 点击t_price下的price_500按钮
2018-03-29 12:08:11,543 - price_test - INFO - 选择50成功
2018-03-29 12:08:11,543 - price_test - INFO - 选择50成功
2018-03-29 12:08:11,544 - Page - INFO - 点击t_price下的price_800按钮
2018-03-29 12:08:11,890 - price_test - INFO - 选择50成功
2018-03-29 12:08:11,890 - price_test - INFO - 选择50成功
2018-03-29 12:08:11,890 - Page - INFO - 点击t_price下的price_800按钮
2018-03-29 12:08:13,022 - price_test - INFO - 选择50成功
2018-03-29 12:08:13,022 - price_test - INFO - 选择50成功
2018-03-29 12:08:13,023 - Page - INFO - 点击t_price下的price_1000按钮
2018-03-29 12:08:13,371 - price_test - INFO - 选择50成功
2018-03-29 12:08:13,371 - price_test - INFO - 选择50成功
2018-03-29 12:08:13,372 - Page - INFO - 点击t_price下的price_1000按钮
2018-03-29 12:08:14,516 - price_test - INFO - 选择50成功
2018-03-29 12:08:14,516 - price_test - INFO - 选择50成功
2018-03-29 12:08:14,517 - Page - INFO - 点击t_price下的price_1500按钮
2018-03-29 12:08:14,831 - price_test - INFO - 选择50成功
2018-03-29 12:08:14,831 - price_test - INFO - 选择50成功
2018-03-29 12:08:14,832 - Page - INFO - 点击t_price下的price_1500按钮
2018-03-29 12:08:16,001 - price_test - INFO - 选择50成功
2018-03-29 12:08:16,001 - price_test - INFO - 选择50成功
2018-03-29 12:08:16,002 - Page - INFO - 点击t_price下的price_1500按钮
2018-03-29 12:08:16,313 - price_test - INFO - 选择50成功
2018-03-29 12:08:16,313 - price_test - INFO - 选择50成功
2018-03-29 12:08:16,313 - Page - INFO - 点击t_price下的price_1500按钮
2018-03-29 12:08:17,461 - price_test - INFO - 选择50成功
2018-03-29 12:08:17,461 - price_test - INFO - 选择50成功
2018-03-29 12:08:17,462 - price_test - INFO - 测试完成，现在退出
2018-03-29 12:08:17,462 - price_test - INFO - 测试完成，现在退出
2018-03-29 12:08:17,789 - price_test - INFO - 选择50成功
2018-03-29 12:08:17,789 - price_test - INFO - 选择50成功
2018-03-29 12:08:17,789 - price_test - INFO - 测试完成，现在退出
2018-03-29 12:08:17,789 - price_test - INFO - 测试完成，现在退出
