2018-03-29 14:56:23,589 - Driver - INFO - 打开火狐浏览器
2018-03-29 14:56:23,597 - Driver - INFO - 隐式等待元素时间为：15
2018-03-29 14:56:23,598 - Page - INFO - 点击t_price下的price_c按钮
2018-03-29 14:56:25,722 - Page - INFO - 点击t_price下的price_50按钮
2018-03-29 14:56:27,195 - price_test - INFO - 选择price_50_ic成功
2018-03-29 14:56:27,195 - price_test - INFO - 选择price_50_ic成功
2018-03-29 14:56:27,196 - Page - INFO - 点击t_price下的price_100按钮
2018-03-29 14:56:28,669 - price_test - INFO - 选择price_100_ic成功
2018-03-29 14:56:28,669 - price_test - INFO - 选择price_100_ic成功
2018-03-29 14:56:28,669 - Page - INFO - 点击t_price下的price_300按钮
2018-03-29 14:56:30,136 - price_test - INFO - 选择price_300_ic成功
2018-03-29 14:56:30,136 - price_test - INFO - 选择price_300_ic成功
2018-03-29 14:56:30,137 - Page - INFO - 点击t_price下的price_500按钮
2018-03-29 14:56:31,614 - price_test - INFO - 选择price_500_ic成功
2018-03-29 14:56:31,614 - price_test - INFO - 选择price_500_ic成功
2018-03-29 14:56:31,615 - Page - INFO - 点击t_price下的price_800按钮
2018-03-29 14:56:33,088 - price_test - INFO - 选择price_800_ic成功
2018-03-29 14:56:33,088 - price_test - INFO - 选择price_800_ic成功
2018-03-29 14:56:33,089 - Page - INFO - 点击t_price下的price_1000按钮
2018-03-29 14:56:34,557 - price_test - INFO - 选择price_1000_ic成功
2018-03-29 14:56:34,557 - price_test - INFO - 选择price_1000_ic成功
2018-03-29 14:56:34,558 - Page - INFO - 点击t_price下的price_1500按钮
2018-03-29 14:56:36,042 - price_test - INFO - 选择price_1500_ic成功
2018-03-29 14:56:36,042 - price_test - INFO - 选择price_1500_ic成功
2018-03-29 14:56:36,042 - Page - INFO - 点击t_price下的price_2000按钮
2018-03-29 14:56:37,522 - price_test - INFO - 选择price_2000_ic成功
2018-03-29 14:56:37,522 - price_test - INFO - 选择price_2000_ic成功
2018-03-29 14:56:37,522 - Page - INFO - 点击t_price下的price_3000按钮
2018-03-29 14:56:38,992 - price_test - INFO - 选择price_3000_ic成功
2018-03-29 14:56:38,992 - price_test - INFO - 选择price_3000_ic成功
2018-03-29 14:56:38,992 - Page - INFO - 点击t_price下的use按钮
2018-03-29 14:56:40,840 - price_test - INFO - 测试完成，现在退出
2018-03-29 14:56:40,840 - price_test - INFO - 测试完成，现在退出
2018-03-29 14:57:07,250 - Driver - INFO - 打开火狐浏览器
2018-03-29 14:57:07,256 - Driver - INFO - 隐式等待元素时间为：15
2018-03-29 14:57:07,256 - Page - INFO - 点击t_price下的price_c按钮
2018-03-29 14:57:09,380 - Page - INFO - 点击t_price下的price_50按钮
2018-03-29 14:57:10,861 - price_test - INFO - 选择price_50_ic成功
2018-03-29 14:57:10,861 - price_test - INFO - 选择price_50_ic成功
2018-03-29 14:57:10,862 - Page - INFO - 点击t_price下的price_100按钮
2018-03-29 14:57:12,342 - price_test - INFO - 选择price_100_ic成功
2018-03-29 14:57:12,342 - price_test - INFO - 选择price_100_ic成功
2018-03-29 14:57:12,343 - Page - INFO - 点击t_price下的price_300按钮
2018-03-29 14:57:13,852 - price_test - INFO - 选择price_300_ic成功
2018-03-29 14:57:13,852 - price_test - INFO - 选择price_300_ic成功
2018-03-29 14:57:13,854 - Page - INFO - 点击t_price下的price_500按钮
2018-03-29 14:57:15,338 - price_test - INFO - 选择price_500_ic成功
2018-03-29 14:57:15,338 - price_test - INFO - 选择price_500_ic成功
2018-03-29 14:57:15,339 - Page - INFO - 点击t_price下的price_800按钮
2018-03-29 14:57:16,805 - price_test - INFO - 选择price_800_ic成功
2018-03-29 14:57:16,805 - price_test - INFO - 选择price_800_ic成功
2018-03-29 14:57:16,805 - Page - INFO - 点击t_price下的price_1000按钮
2018-03-29 14:57:18,268 - price_test - INFO - 选择price_1000_ic成功
2018-03-29 14:57:18,268 - price_test - INFO - 选择price_1000_ic成功
2018-03-29 14:57:18,268 - Page - INFO - 点击t_price下的price_1500按钮
2018-03-29 14:57:19,742 - price_test - INFO - 选择price_1500_ic成功
2018-03-29 14:57:19,742 - price_test - INFO - 选择price_1500_ic成功
2018-03-29 14:57:19,742 - Page - INFO - 点击t_price下的price_2000按钮
2018-03-29 14:57:21,216 - price_test - INFO - 选择price_2000_ic成功
2018-03-29 14:57:21,216 - price_test - INFO - 选择price_2000_ic成功
2018-03-29 14:57:21,217 - Page - INFO - 点击t_price下的price_3000按钮
2018-03-29 14:57:22,701 - price_test - INFO - 选择price_3000_ic成功
2018-03-29 14:57:22,701 - price_test - INFO - 选择price_3000_ic成功
2018-03-29 14:57:22,701 - Page - INFO - 点击t_price下的use按钮
2018-03-29 14:57:24,269 - price_test - INFO - 测试完成，现在退出
2018-03-29 14:57:24,269 - price_test - INFO - 测试完成，现在退出
