2018-03-29 14:50:14,042 - Driver - INFO - 打开火狐浏览器
2018-03-29 14:50:14,048 - Driver - INFO - 隐式等待元素时间为：15
2018-03-29 14:50:14,048 - Page - INFO - 点击t_price下的price_c按钮
2018-03-29 14:50:16,210 - Page - INFO - 点击t_price下的price_50按钮
2018-03-29 14:50:17,669 - price_test - INFO - 选择price_50_ic成功
2018-03-29 14:50:17,669 - price_test - INFO - 选择price_50_ic成功
2018-03-29 14:50:17,670 - Page - INFO - 点击t_price下的price_100按钮
2018-03-29 14:50:19,155 - price_test - INFO - 选择price_100_ic成功
2018-03-29 14:50:19,155 - price_test - INFO - 选择price_100_ic成功
2018-03-29 14:50:19,156 - Page - INFO - 点击t_price下的price_300按钮
2018-03-29 14:50:20,633 - price_test - INFO - 选择price_300_ic成功
2018-03-29 14:50:20,633 - price_test - INFO - 选择price_300_ic成功
2018-03-29 14:50:20,634 - Page - INFO - 点击t_price下的price_500按钮
2018-03-29 14:50:22,095 - price_test - INFO - 选择price_500_ic成功
2018-03-29 14:50:22,095 - price_test - INFO - 选择price_500_ic成功
2018-03-29 14:50:22,095 - Page - INFO - 点击t_price下的price_800按钮
2018-03-29 14:50:23,574 - price_test - INFO - 选择price_800_ic成功
2018-03-29 14:50:23,574 - price_test - INFO - 选择price_800_ic成功
2018-03-29 14:50:23,575 - Page - INFO - 点击t_price下的price_1000按钮
2018-03-29 14:50:25,024 - price_test - INFO - 选择price_1000_ic成功
2018-03-29 14:50:25,024 - price_test - INFO - 选择price_1000_ic成功
2018-03-29 14:50:25,025 - Page - INFO - 点击t_price下的price_1500按钮
2018-03-29 14:50:26,482 - price_test - INFO - 选择price_1500_ic成功
2018-03-29 14:50:26,482 - price_test - INFO - 选择price_1500_ic成功
2018-03-29 14:50:26,482 - Page - INFO - 点击t_price下的price_2000按钮
2018-03-29 14:50:27,961 - price_test - INFO - 选择price_2000_ic成功
2018-03-29 14:50:27,961 - price_test - INFO - 选择price_2000_ic成功
2018-03-29 14:50:27,962 - Page - INFO - 点击t_price下的price_3000按钮
2018-03-29 14:50:29,445 - price_test - INFO - 选择price_3000_ic成功
2018-03-29 14:50:29,445 - price_test - INFO - 选择price_3000_ic成功
2018-03-29 14:50:29,445 - Page - INFO - 点击t_price下的use按钮
2018-03-29 14:50:31,033 - price_test - INFO - 测试完成，现在退出
2018-03-29 14:50:31,033 - price_test - INFO - 测试完成，现在退出
