2018-03-29 12:16:45,738 - Driver - INFO - 打开火狐浏览器
2018-03-29 12:16:45,743 - Driver - INFO - 隐式等待元素时间为：15
2018-03-29 12:16:45,743 - Page - INFO - 点击t_price下的price_c按钮
2018-03-29 12:16:47,563 - Page - INFO - 点击t_price下的price_50按钮
2018-03-29 12:16:49,030 - price_test - INFO - 选择price_50_ic成功
2018-03-29 12:16:49,030 - price_test - INFO - 选择price_50_ic成功
2018-03-29 12:16:49,032 - Page - INFO - 点击t_price下的price_100按钮
2018-03-29 12:16:50,495 - price_test - INFO - 选择price_100_ic成功
2018-03-29 12:16:50,495 - price_test - INFO - 选择price_100_ic成功
2018-03-29 12:16:50,495 - Page - INFO - 点击t_price下的price_300按钮
2018-03-29 12:16:51,957 - price_test - INFO - 选择price_300_ic成功
2018-03-29 12:16:51,957 - price_test - INFO - 选择price_300_ic成功
2018-03-29 12:16:51,958 - Page - INFO - 点击t_price下的price_500按钮
2018-03-29 12:16:53,415 - price_test - INFO - 选择price_500_ic成功
2018-03-29 12:16:53,415 - price_test - INFO - 选择price_500_ic成功
2018-03-29 12:16:53,415 - Page - INFO - 点击t_price下的price_800按钮
2018-03-29 12:16:54,886 - price_test - INFO - 选择price_800_ic成功
2018-03-29 12:16:54,886 - price_test - INFO - 选择price_800_ic成功
2018-03-29 12:16:54,887 - Page - INFO - 点击t_price下的price_1000按钮
2018-03-29 12:16:56,350 - price_test - INFO - 选择price_1000_ic成功
2018-03-29 12:16:56,350 - price_test - INFO - 选择price_1000_ic成功
2018-03-29 12:16:56,350 - Page - INFO - 点击t_price下的price_1500按钮
2018-03-29 12:16:57,800 - price_test - INFO - 选择price_1500_ic成功
2018-03-29 12:16:57,800 - price_test - INFO - 选择price_1500_ic成功
2018-03-29 12:16:57,801 - Page - INFO - 点击t_price下的price_2000按钮
2018-03-29 12:16:59,271 - price_test - INFO - 选择price_2000_ic成功
2018-03-29 12:16:59,271 - price_test - INFO - 选择price_2000_ic成功
2018-03-29 12:16:59,272 - Page - INFO - 点击t_price下的price_3000按钮
2018-03-29 12:17:00,748 - price_test - INFO - 选择price_3000_ic成功
2018-03-29 12:17:00,748 - price_test - INFO - 选择price_3000_ic成功
2018-03-29 12:17:00,749 - price_test - INFO - 测试完成，现在退出
2018-03-29 12:17:00,749 - price_test - INFO - 测试完成，现在退出
