2018-03-29 13:50:06,864 - Driver - INFO - 打开火狐浏览器
2018-03-29 13:50:06,873 - Driver - INFO - 隐式等待元素时间为：15
2018-03-29 13:50:06,873 - Page - INFO - 点击t_price下的price_c按钮
2018-03-29 13:50:08,715 - Page - INFO - 点击t_price下的price_50按钮
2018-03-29 13:50:10,202 - price_test - INFO - 选择price_50_ic成功
2018-03-29 13:50:10,202 - price_test - INFO - 选择price_50_ic成功
2018-03-29 13:50:10,203 - Page - INFO - 点击t_price下的price_100按钮
2018-03-29 13:50:11,675 - price_test - INFO - 选择price_100_ic成功
2018-03-29 13:50:11,675 - price_test - INFO - 选择price_100_ic成功
2018-03-29 13:50:11,676 - Page - INFO - 点击t_price下的price_300按钮
2018-03-29 13:50:13,160 - price_test - INFO - 选择price_300_ic成功
2018-03-29 13:50:13,160 - price_test - INFO - 选择price_300_ic成功
2018-03-29 13:50:13,160 - Page - INFO - 点击t_price下的price_500按钮
2018-03-29 13:50:14,622 - price_test - INFO - 选择price_500_ic成功
2018-03-29 13:50:14,622 - price_test - INFO - 选择price_500_ic成功
2018-03-29 13:50:14,622 - Page - INFO - 点击t_price下的price_800按钮
2018-03-29 13:50:16,093 - price_test - INFO - 选择price_800_ic成功
2018-03-29 13:50:16,093 - price_test - INFO - 选择price_800_ic成功
2018-03-29 13:50:16,094 - Page - INFO - 点击t_price下的price_1000按钮
2018-03-29 13:50:17,562 - price_test - INFO - 选择price_1000_ic成功
2018-03-29 13:50:17,562 - price_test - INFO - 选择price_1000_ic成功
2018-03-29 13:50:17,563 - Page - INFO - 点击t_price下的price_1500按钮
2018-03-29 13:50:19,045 - price_test - INFO - 选择price_1500_ic成功
2018-03-29 13:50:19,045 - price_test - INFO - 选择price_1500_ic成功
2018-03-29 13:50:19,046 - Page - INFO - 点击t_price下的price_2000按钮
2018-03-29 13:50:20,535 - price_test - INFO - 选择price_2000_ic成功
2018-03-29 13:50:20,535 - price_test - INFO - 选择price_2000_ic成功
2018-03-29 13:50:20,535 - Page - INFO - 点击t_price下的price_3000按钮
2018-03-29 13:50:22,004 - price_test - INFO - 选择price_3000_ic成功
2018-03-29 13:50:22,004 - price_test - INFO - 选择price_3000_ic成功
