2018-03-29 11:44:00,211 - Driver - INFO - 打开火狐浏览器
2018-03-29 11:44:00,215 - Driver - INFO - 隐式等待元素时间为：15
2018-03-29 11:44:00,215 - Page - INFO - 点击t_price下的price_c按钮
2018-03-29 11:44:02,132 - Page - INFO - 点击t_price下的price_50按钮
2018-03-29 11:44:03,597 - price_test - INFO - 选择50成功
2018-03-29 11:44:03,597 - price_test - INFO - 选择50成功
2018-03-29 11:44:03,597 - Page - INFO - 点击t_price下的price_100按钮
2018-03-29 11:44:05,065 - price_test - INFO - 选择50成功
2018-03-29 11:44:05,065 - price_test - INFO - 选择50成功
2018-03-29 11:44:05,065 - Page - INFO - 点击t_price下的price_300按钮
2018-03-29 11:44:06,535 - price_test - INFO - 选择50成功
2018-03-29 11:44:06,535 - price_test - INFO - 选择50成功
2018-03-29 11:44:06,536 - Page - INFO - 点击t_price下的price_500按钮
2018-03-29 11:44:08,011 - price_test - INFO - 选择50成功
2018-03-29 11:44:08,011 - price_test - INFO - 选择50成功
2018-03-29 11:44:08,011 - Page - INFO - 点击t_price下的price_800按钮
2018-03-29 11:44:09,476 - price_test - INFO - 选择50成功
2018-03-29 11:44:09,476 - price_test - INFO - 选择50成功
2018-03-29 11:44:09,476 - Page - INFO - 点击t_price下的price_1000按钮
2018-03-29 11:44:10,932 - price_test - INFO - 选择50成功
2018-03-29 11:44:10,932 - price_test - INFO - 选择50成功
2018-03-29 11:44:10,934 - Page - INFO - 点击t_price下的price_1500按钮
2018-03-29 11:44:12,399 - price_test - INFO - 选择50成功
2018-03-29 11:44:12,399 - price_test - INFO - 选择50成功
2018-03-29 11:44:12,399 - Page - INFO - 点击t_price下的price_1500按钮
2018-03-29 11:44:13,881 - price_test - INFO - 选择50成功
2018-03-29 11:44:13,881 - price_test - INFO - 选择50成功
2018-03-29 11:44:13,882 - price_test - INFO - 测试完成，现在退出
2018-03-29 11:44:13,882 - price_test - INFO - 测试完成，现在退出
