2018-03-29 12:30:47,013 - Driver - INFO - 打开火狐浏览器
2018-03-29 12:30:47,021 - Driver - INFO - 隐式等待元素时间为：15
2018-03-29 12:30:47,023 - Page - INFO - 点击t_price下的price_c按钮
2018-03-29 12:30:48,881 - Page - INFO - 点击t_price下的price_50按钮
2018-03-29 12:30:50,344 - price_test - INFO - 选择price_50_ic成功
2018-03-29 12:30:50,344 - price_test - INFO - 选择price_50_ic成功
2018-03-29 12:30:50,344 - Page - INFO - 点击t_price下的price_100按钮
2018-03-29 12:30:51,813 - price_test - INFO - 选择price_100_ic成功
2018-03-29 12:30:51,813 - price_test - INFO - 选择price_100_ic成功
2018-03-29 12:30:51,813 - Page - INFO - 点击t_price下的price_300按钮
2018-03-29 12:30:53,293 - price_test - INFO - 选择price_300_ic成功
2018-03-29 12:30:53,293 - price_test - INFO - 选择price_300_ic成功
2018-03-29 12:30:53,293 - Page - INFO - 点击t_price下的price_500按钮
2018-03-29 12:30:54,762 - price_test - INFO - 选择price_500_ic成功
2018-03-29 12:30:54,762 - price_test - INFO - 选择price_500_ic成功
2018-03-29 12:30:54,763 - Page - INFO - 点击t_price下的price_800按钮
2018-03-29 12:30:56,241 - price_test - INFO - 选择price_800_ic成功
2018-03-29 12:30:56,241 - price_test - INFO - 选择price_800_ic成功
2018-03-29 12:30:56,242 - Page - INFO - 点击t_price下的price_1000按钮
2018-03-29 12:30:57,714 - price_test - INFO - 选择price_1000_ic成功
2018-03-29 12:30:57,714 - price_test - INFO - 选择price_1000_ic成功
2018-03-29 12:30:57,714 - Page - INFO - 点击t_price下的price_1500按钮
2018-03-29 12:30:59,188 - price_test - INFO - 选择price_1500_ic成功
2018-03-29 12:30:59,188 - price_test - INFO - 选择price_1500_ic成功
2018-03-29 12:30:59,189 - Page - INFO - 点击t_price下的price_2000按钮
2018-03-29 12:31:00,670 - price_test - INFO - 选择price_2000_ic成功
2018-03-29 12:31:00,670 - price_test - INFO - 选择price_2000_ic成功
2018-03-29 12:31:00,670 - Page - INFO - 点击t_price下的price_3000按钮
2018-03-29 12:31:02,148 - price_test - INFO - 选择price_3000_ic成功
2018-03-29 12:31:02,148 - price_test - INFO - 选择price_3000_ic成功
