2018-03-29 15:01:22,283 - Driver - INFO - 打开火狐浏览器
2018-03-29 15:01:22,297 - Driver - INFO - 隐式等待元素时间为：15
2018-03-29 15:01:22,298 - Page - INFO - 点击t_price下的price_c按钮
2018-03-29 15:01:24,177 - Page - INFO - 点击t_price下的price_50按钮
2018-03-29 15:01:25,663 - price_test - INFO - 选择price_50_ic成功
2018-03-29 15:01:25,663 - price_test - INFO - 选择price_50_ic成功
2018-03-29 15:01:25,663 - Page - INFO - 点击t_price下的price_100按钮
2018-03-29 15:01:27,131 - price_test - INFO - 选择price_100_ic成功
2018-03-29 15:01:27,131 - price_test - INFO - 选择price_100_ic成功
2018-03-29 15:01:27,131 - Page - INFO - 点击t_price下的price_300按钮
2018-03-29 15:01:28,606 - price_test - INFO - 选择price_300_ic成功
2018-03-29 15:01:28,606 - price_test - INFO - 选择price_300_ic成功
2018-03-29 15:01:28,606 - Page - INFO - 点击t_price下的price_500按钮
2018-03-29 15:01:30,071 - price_test - INFO - 选择price_500_ic成功
2018-03-29 15:01:30,071 - price_test - INFO - 选择price_500_ic成功
2018-03-29 15:01:30,072 - Page - INFO - 点击t_price下的price_800按钮
2018-03-29 15:01:31,546 - price_test - INFO - 选择price_800_ic成功
2018-03-29 15:01:31,546 - price_test - INFO - 选择price_800_ic成功
2018-03-29 15:01:31,546 - Page - INFO - 点击t_price下的price_1000按钮
2018-03-29 15:01:33,012 - price_test - INFO - 选择price_1000_ic成功
2018-03-29 15:01:33,012 - price_test - INFO - 选择price_1000_ic成功
2018-03-29 15:01:33,012 - Page - INFO - 点击t_price下的price_1500按钮
2018-03-29 15:01:34,471 - price_test - INFO - 选择price_1500_ic成功
2018-03-29 15:01:34,471 - price_test - INFO - 选择price_1500_ic成功
2018-03-29 15:01:34,472 - Page - INFO - 点击t_price下的price_2000按钮
2018-03-29 15:01:35,995 - price_test - INFO - 选择price_2000_ic成功
2018-03-29 15:01:35,995 - price_test - INFO - 选择price_2000_ic成功
2018-03-29 15:01:35,996 - Page - INFO - 点击t_price下的price_3000按钮
2018-03-29 15:01:37,468 - price_test - INFO - 选择price_3000_ic成功
2018-03-29 15:01:37,468 - price_test - INFO - 选择price_3000_ic成功
2018-03-29 15:01:37,468 - Page - INFO - 点击t_price下的use按钮
2018-03-29 15:01:39,138 - price_test - INFO - 测试完成，现在退出
2018-03-29 15:01:39,138 - price_test - INFO - 测试完成，现在退出
