2018-03-29 12:08:47,525 - Driver - INFO - 打开火狐浏览器
2018-03-29 12:08:47,532 - Driver - INFO - 隐式等待元素时间为：15
2018-03-29 12:08:47,532 - Page - INFO - 点击t_price下的price_c按钮
2018-03-29 12:08:49,943 - Page - INFO - 点击t_price下的price_50按钮
2018-03-29 12:08:51,425 - price_test - INFO - 选择50成功
2018-03-29 12:08:51,425 - price_test - INFO - 选择50成功
2018-03-29 12:08:51,425 - Page - INFO - 点击t_price下的price_100按钮
2018-03-29 12:08:53,078 - price_test - INFO - 选择50成功
2018-03-29 12:08:53,078 - price_test - INFO - 选择50成功
2018-03-29 12:08:53,078 - Page - INFO - 点击t_price下的price_300按钮
2018-03-29 12:08:54,550 - price_test - INFO - 选择50成功
2018-03-29 12:08:54,550 - price_test - INFO - 选择50成功
2018-03-29 12:08:54,551 - Page - INFO - 点击t_price下的price_500按钮
2018-03-29 12:08:56,023 - price_test - INFO - 选择50成功
2018-03-29 12:08:56,023 - price_test - INFO - 选择50成功
2018-03-29 12:08:56,023 - Page - INFO - 点击t_price下的price_800按钮
2018-03-29 12:08:57,492 - price_test - INFO - 选择50成功
2018-03-29 12:08:57,492 - price_test - INFO - 选择50成功
2018-03-29 12:08:57,492 - Page - INFO - 点击t_price下的price_1000按钮
2018-03-29 12:08:58,968 - price_test - INFO - 选择50成功
2018-03-29 12:08:58,968 - price_test - INFO - 选择50成功
2018-03-29 12:08:58,968 - Page - INFO - 点击t_price下的price_1500按钮
2018-03-29 12:09:00,472 - price_test - INFO - 选择50成功
2018-03-29 12:09:00,472 - price_test - INFO - 选择50成功
2018-03-29 12:09:00,473 - Page - INFO - 点击t_price下的price_1500按钮
2018-03-29 12:09:01,949 - price_test - INFO - 选择50成功
2018-03-29 12:09:01,949 - price_test - INFO - 选择50成功
2018-03-29 12:09:01,949 - price_test - INFO - 测试完成，现在退出
2018-03-29 12:09:01,949 - price_test - INFO - 测试完成，现在退出
