2018-03-29 13:53:42,144 - Driver - INFO - 打开火狐浏览器
2018-03-29 13:53:42,147 - Driver - INFO - 隐式等待元素时间为：15
2018-03-29 13:53:42,148 - Page - INFO - 点击t_price下的price_c按钮
2018-03-29 13:53:44,063 - Page - INFO - 点击t_price下的price_50按钮
2018-03-29 13:53:45,545 - price_test - INFO - 选择price_50_ic成功
2018-03-29 13:53:45,545 - price_test - INFO - 选择price_50_ic成功
2018-03-29 13:53:45,546 - Page - INFO - 点击t_price下的price_100按钮
2018-03-29 13:53:47,008 - price_test - INFO - 选择price_100_ic成功
2018-03-29 13:53:47,008 - price_test - INFO - 选择price_100_ic成功
2018-03-29 13:53:47,009 - Page - INFO - 点击t_price下的price_300按钮
2018-03-29 13:53:48,489 - price_test - INFO - 选择price_300_ic成功
2018-03-29 13:53:48,489 - price_test - INFO - 选择price_300_ic成功
2018-03-29 13:53:48,489 - Page - INFO - 点击t_price下的price_500按钮
2018-03-29 13:53:49,976 - price_test - INFO - 选择price_500_ic成功
2018-03-29 13:53:49,976 - price_test - INFO - 选择price_500_ic成功
2018-03-29 13:53:49,977 - Page - INFO - 点击t_price下的price_800按钮
2018-03-29 13:53:51,459 - price_test - INFO - 选择price_800_ic成功
2018-03-29 13:53:51,459 - price_test - INFO - 选择price_800_ic成功
2018-03-29 13:53:51,459 - Page - INFO - 点击t_price下的price_1000按钮
2018-03-29 13:53:52,934 - price_test - INFO - 选择price_1000_ic成功
2018-03-29 13:53:52,934 - price_test - INFO - 选择price_1000_ic成功
2018-03-29 13:53:52,935 - Page - INFO - 点击t_price下的price_1500按钮
2018-03-29 13:53:54,395 - price_test - INFO - 选择price_1500_ic成功
2018-03-29 13:53:54,395 - price_test - INFO - 选择price_1500_ic成功
2018-03-29 13:53:54,396 - Page - INFO - 点击t_price下的price_2000按钮
2018-03-29 13:53:55,867 - price_test - INFO - 选择price_2000_ic成功
2018-03-29 13:53:55,867 - price_test - INFO - 选择price_2000_ic成功
2018-03-29 13:53:55,868 - Page - INFO - 点击t_price下的price_3000按钮
2018-03-29 13:53:57,347 - price_test - INFO - 选择price_3000_ic成功
2018-03-29 13:53:57,347 - price_test - INFO - 选择price_3000_ic成功
2018-03-29 13:53:57,347 - Page - INFO - 点击t_price下的price_3000按钮
2018-03-29 13:53:58,577 - Page - INFO - 点击t_price下的use按钮
2018-03-29 13:54:00,186 - Page - INFO - 点击t_price下的confirm按钮
2018-03-29 13:54:15,209 - Page - ERROR - @未发现元素CSS为：html body div#layui-layer3.layui-layer.layui-layer-dialog div.layui-layer-btn.layui-layer-btn- a.layui-layer-btn0的元素@
2018-03-29 13:54:15,211 - Page - ERROR - Message: Unable to locate element: html body div#layui-layer3.layui-layer.layui-layer-dialog div.layui-layer-btn.layui-layer-btn- a.layui-layer-btn0

2018-03-29 13:54:15,212 - price_test - INFO - 测试完成，现在退出
2018-03-29 13:54:15,212 - price_test - INFO - 测试完成，现在退出
