2018-03-29 12:14:22,358 - Driver - INFO - 打开火狐浏览器
2018-03-29 12:14:22,368 - Driver - INFO - 隐式等待元素时间为：15
2018-03-29 12:14:22,368 - Page - INFO - 点击t_price下的price_c按钮
2018-03-29 12:14:24,176 - Page - INFO - 点击t_price下的price_50按钮
2018-03-29 12:14:25,634 - price_test - INFO - 选择t_price成功
2018-03-29 12:14:25,634 - price_test - INFO - 选择t_price成功
2018-03-29 12:14:25,635 - Page - INFO - 点击t_price下的price_100按钮
2018-03-29 12:14:27,098 - price_test - INFO - 选择t_price成功
2018-03-29 12:14:27,098 - price_test - INFO - 选择t_price成功
2018-03-29 12:14:27,098 - Page - INFO - 点击t_price下的price_300按钮
2018-03-29 12:14:28,565 - price_test - INFO - 选择t_price成功
2018-03-29 12:14:28,565 - price_test - INFO - 选择t_price成功
2018-03-29 12:14:28,566 - Page - INFO - 点击t_price下的price_500按钮
2018-03-29 12:14:30,035 - price_test - INFO - 选择t_price成功
2018-03-29 12:14:30,035 - price_test - INFO - 选择t_price成功
2018-03-29 12:14:30,036 - Page - INFO - 点击t_price下的price_800按钮
2018-03-29 12:14:31,496 - price_test - INFO - 选择t_price成功
2018-03-29 12:14:31,496 - price_test - INFO - 选择t_price成功
2018-03-29 12:14:31,497 - Page - INFO - 点击t_price下的price_1000按钮
2018-03-29 12:14:32,964 - price_test - INFO - 选择t_price成功
2018-03-29 12:14:32,964 - price_test - INFO - 选择t_price成功
2018-03-29 12:14:32,965 - Page - INFO - 点击t_price下的price_1500按钮
2018-03-29 12:14:34,431 - price_test - INFO - 选择t_price成功
2018-03-29 12:14:34,431 - price_test - INFO - 选择t_price成功
2018-03-29 12:14:34,431 - Page - INFO - 点击t_price下的price_2000按钮
2018-03-29 12:14:35,910 - price_test - INFO - 选择t_price成功
2018-03-29 12:14:35,910 - price_test - INFO - 选择t_price成功
2018-03-29 12:14:35,911 - Page - INFO - 点击t_price下的price_3000按钮
2018-03-29 12:14:37,375 - price_test - INFO - 选择t_price成功
2018-03-29 12:14:37,375 - price_test - INFO - 选择t_price成功
2018-03-29 12:14:37,375 - price_test - INFO - 测试完成，现在退出
2018-03-29 12:14:37,375 - price_test - INFO - 测试完成，现在退出
