2018-03-30 15:22:43,975 - Excel - INFO - 加载usersexcel表
2018-03-30 15:22:43,991 - Excel - INFO - 读取EXCEL表中的数据：[{'serial_number': 100001, 'description': '账号密码为空', 'username': '', 'password': '', 'expected_result': '请输入账户名！,请输入密码！'}, {'serial_number': 100002, 'description': '账号输入空格', 'username': ' ', 'password': '', 'expected_result': '请输入密码！'}, {'serial_number': 100003, 'description': '账号输入错误', 'username': 1399269249, 'password': '', 'expected_result': '请输入密码！'}, {'serial_number': 100004, 'description': '账号输入正确，密码为空', 'username': 18820408825, 'password': '', 'expected_result': '请输入密码！'}, {'serial_number': 100005, 'description': '不符合密码规则少于6位', 'username': 18820408825, 'password': 12345, 'expected_result': '密码长度为6-30位字符'}, {'serial_number': 100006, 'description': '不符合密码规则大于于30位', 'username': 18820408825, 'password': '1234567890123456789012345678901', 'expected_result': '密码长度为6-30位字符'}, {'serial_number': 100007, 'description': '符合规则，密码错误', 'username': 18820408825, 'password': 123456, 'expected_result': '请输入密码！'}, {'serial_number': 100008, 'description': '账号正确，密码号错误', 'username': 'gx_123456_1@163.com', 'password': 1234567, 'expected_result': '请输入密码！'}, {'serial_number': 100009, 'description': '账号为本企业账号，无权限，密码正确', 'username': 13992692400, 'password': 1234567, 'expected_result': '账号尚未与此组织关联，请联系管理员'}, {'serial_number': 100010, 'description': '账号为其他企业账号，密码正确', 'username': 'gx_123456_3@163.com', 'password': 1234567, 'expected_result': '您的账号无此系统权限，请联系管理员'}, {'serial_number': 100011, 'description': '账号正确，密码正确', 'username': 'crews', 'password': 'eliteu123', 'expected_result': '直播列表 - Ant Design Pro'}]
2018-03-30 15:22:53,481 - Driver - INFO - 打开火狐浏览器
2018-03-30 15:22:53,484 - Driver - INFO - 隐式等待元素时间为：15
2018-03-30 15:22:53,484 - wel_LoginTest - INFO - 点击一下click click
2018-03-30 15:22:53,484 - Page - INFO - 点击w_login下的宣传登陆按钮
2018-03-30 15:22:55,124 - Page - INFO - 点击w_login下的confirm按钮
2018-03-30 15:22:56,399 - wel_LoginTest - INFO - 不输入密码和账号时提示错误
2018-03-30 15:22:57,294 - Page - INFO - 点击w_login下的confirm按钮
2018-03-30 15:22:59,488 - Page - INFO - 点击w_login下的confirm按钮
2018-03-30 15:23:00,748 - wel_LoginTest - INFO - 只输入账号时提示错误
2018-03-30 15:23:02,485 - Page - INFO - 点击w_login下的confirm按钮
2018-03-30 15:23:04,436 - wel_LoginTest - INFO - title is : 主页| E-ducation
2018-03-30 15:23:04,436 - wel_LoginTest - INFO - 测试完成，现在退出
2018-03-30 15:23:13,541 - Driver - INFO - 打开火狐浏览器
2018-03-30 15:23:13,553 - Driver - INFO - 隐式等待元素时间为：15
2018-03-30 15:23:13,553 - Page - INFO - 点击t_price下的price_c按钮
2018-03-30 15:23:15,463 - Page - INFO - 点击t_price下的price_50按钮
2018-03-30 15:23:16,925 - price_test - INFO - 选择price_50_ic成功
2018-03-30 15:23:16,925 - price_test - INFO - 选择price_50_ic成功
2018-03-30 15:23:16,925 - Page - INFO - 点击t_price下的price_100按钮
2018-03-30 15:23:18,396 - price_test - INFO - 选择price_100_ic成功
2018-03-30 15:23:18,396 - price_test - INFO - 选择price_100_ic成功
2018-03-30 15:23:18,396 - Page - INFO - 点击t_price下的price_300按钮
2018-03-30 15:23:19,861 - price_test - INFO - 选择price_300_ic成功
2018-03-30 15:23:19,861 - price_test - INFO - 选择price_300_ic成功
2018-03-30 15:23:19,861 - Page - INFO - 点击t_price下的price_500按钮
2018-03-30 15:23:21,333 - price_test - INFO - 选择price_500_ic成功
2018-03-30 15:23:21,333 - price_test - INFO - 选择price_500_ic成功
2018-03-30 15:23:21,333 - Page - INFO - 点击t_price下的price_800按钮
2018-03-30 15:23:22,806 - price_test - INFO - 选择price_800_ic成功
2018-03-30 15:23:22,806 - price_test - INFO - 选择price_800_ic成功
2018-03-30 15:23:22,806 - Page - INFO - 点击t_price下的price_1000按钮
2018-03-30 15:23:24,268 - price_test - INFO - 选择price_1000_ic成功
2018-03-30 15:23:24,268 - price_test - INFO - 选择price_1000_ic成功
2018-03-30 15:23:24,268 - Page - INFO - 点击t_price下的price_1500按钮
2018-03-30 15:23:25,731 - price_test - INFO - 选择price_1500_ic成功
2018-03-30 15:23:25,731 - price_test - INFO - 选择price_1500_ic成功
2018-03-30 15:23:25,731 - Page - INFO - 点击t_price下的price_2000按钮
2018-03-30 15:23:27,202 - price_test - INFO - 选择price_2000_ic成功
2018-03-30 15:23:27,202 - price_test - INFO - 选择price_2000_ic成功
2018-03-30 15:23:27,203 - Page - INFO - 点击t_price下的price_3000按钮
2018-03-30 15:23:28,668 - price_test - INFO - 选择price_3000_ic成功
2018-03-30 15:23:28,668 - price_test - INFO - 选择price_3000_ic成功
2018-03-30 15:23:28,669 - Page - INFO - 点击t_price下的use按钮
2018-03-30 15:23:30,160 - price_test - INFO - 测试完成，现在退出
2018-03-30 15:23:30,160 - price_test - INFO - 测试完成，现在退出
2018-03-30 15:23:39,343 - Driver - INFO - 打开火狐浏览器
2018-03-30 15:23:39,349 - Driver - INFO - 隐式等待元素时间为：15
2018-03-30 15:23:39,350 - Page - INFO - 点击t_fun下的fun按钮
2018-03-30 15:23:41,043 - Page - INFO - 点击t_fun下的free按钮
2018-03-30 15:23:42,524 - price_test - INFO - free btn is good
2018-03-30 15:23:42,524 - price_test - INFO - free btn is good
2018-03-30 15:23:42,918 - Page - INFO - 点击t_fun下的use_now按钮
2018-03-30 15:23:44,909 - price_test - INFO - price btn is good
2018-03-30 15:23:44,909 - price_test - INFO - price btn is good
2018-03-30 15:23:45,315 - test_fun - INFO - 测试完成，现在退出
2018-03-30 15:23:54,173 - Driver - INFO - 打开火狐浏览器
2018-03-30 15:23:54,177 - Driver - INFO - 隐式等待元素时间为：15
2018-03-30 15:23:54,177 - Page - INFO - 点击t_fun下的support按钮
2018-03-30 15:23:55,766 - price_test - INFO - support btn is good
2018-03-30 15:23:55,766 - price_test - INFO - support btn is good
2018-03-30 15:23:56,193 - test_fun - INFO - 测试完成，现在退出
2018-03-30 15:24:05,259 - Driver - INFO - 打开火狐浏览器
2018-03-30 15:24:05,262 - Driver - INFO - 隐式等待元素时间为：15
2018-03-30 15:24:05,262 - Page - INFO - 点击t_use下的t_cli按钮
2018-03-30 15:24:06,873 - Page - INFO - 点击t_use下的quick按钮
2018-03-30 15:24:08,407 - price_test - INFO - quick btn is good
2018-03-30 15:24:08,407 - price_test - INFO - quick btn is good
2018-03-30 15:24:08,785 - Page - INFO - 点击t_use下的Xadmin按钮
2018-03-30 15:24:10,128 - price_test - INFO - Xadmin btn is good
2018-03-30 15:24:10,128 - price_test - INFO - Xadmin btn is good
2018-03-30 15:24:10,517 - Page - INFO - 点击t_use下的CMS按钮
2018-03-30 15:24:11,881 - price_test - INFO - CMS btn is good
2018-03-30 15:24:11,881 - price_test - INFO - CMS btn is good
2018-03-30 15:24:12,285 - Page - INFO - 点击t_use下的LMS按钮
2018-03-30 15:24:13,625 - price_test - INFO - LMS btn is good
2018-03-30 15:24:13,625 - price_test - INFO - LMS btn is good
2018-03-30 15:24:14,005 - test_use - INFO - 测试完成，现在退出
2018-03-30 15:24:22,869 - Driver - INFO - 打开火狐浏览器
2018-03-30 15:24:22,877 - Driver - INFO - 隐式等待元素时间为：15
2018-03-30 15:24:22,878 - Page - INFO - 点击test_course下的course_cli按钮
2018-03-30 15:24:26,936 - Page - INFO - 点击test_course下的course_login按钮
2018-03-30 15:24:28,197 - Page - INFO - 点击test_course下的login_cancel按钮
2018-03-30 15:24:29,524 - price_test - INFO - ['首页', '课程', '教授', '助教', '专属平台'] info is good
2018-03-30 15:24:29,524 - price_test - INFO - ['首页', '课程', '教授', '助教', '专属平台'] info is good
2018-03-30 15:24:29,524 - Page - INFO - 点击test_course下的s1按钮
2018-03-30 15:24:30,771 - price_test - INFO - 危险 • 固守原有的竞争优势 info is good
2018-03-30 15:24:30,771 - price_test - INFO - 危险 • 固守原有的竞争优势 info is good
2018-03-30 15:24:32,777 - Page - INFO - 点击test_course下的s2按钮
2018-03-30 15:24:34,032 - price_test - INFO - 竞争对手难以模仿及干预的制胜策略 info is good
2018-03-30 15:24:34,032 - price_test - INFO - 竞争对手难以模仿及干预的制胜策略 info is good
2018-03-30 15:24:36,034 - Page - INFO - 点击test_course下的s3按钮
2018-03-30 15:24:37,304 - price_test - INFO - 国内外高等学府MBA资深教授 info is good
2018-03-30 15:24:37,304 - price_test - INFO - 国内外高等学府MBA资深教授 info is good
2018-03-30 15:24:39,307 - Page - INFO - 点击test_course下的s4按钮
2018-03-30 15:24:40,566 - price_test - INFO - 解决实际问题的思想和工具 info is good
2018-03-30 15:24:40,566 - price_test - INFO - 解决实际问题的思想和工具 info is good
2018-03-30 15:24:42,571 - test_course - INFO - 测试完成，现在退出
2018-03-30 15:24:51,576 - Driver - INFO - 打开火狐浏览器
2018-03-30 15:24:51,582 - Driver - INFO - 隐式等待元素时间为：15
2018-03-30 15:24:51,583 - Page - INFO - 点击test_homepage下的chinese按钮
2018-03-30 15:24:52,823 - Page - INFO - 点击test_homepage下的english按钮
2018-03-30 15:24:54,485 - price_test - INFO - Features info is good
2018-03-30 15:24:54,485 - price_test - INFO - Features info is good
2018-03-30 15:24:54,487 - test_homeoage - INFO - 测试完成，现在退出
